<?xml version="1.0" encoding="UTF-8"?>
<testng-results skipped="0" failed="0" total="1" passed="1">
  <reporter-output>
  </reporter-output>
  <suite name="Default suite" duration-ms="116076" started-at="2018-09-04T03:31:32Z" finished-at="2018-09-04T03:33:28Z">
    <groups>
    </groups>
    <test name="Default test" duration-ms="116076" started-at="2018-09-04T03:31:32Z" finished-at="2018-09-04T03:33:28Z">
      <class name="tournament.pract_1">
        <test-method status="PASS" signature="testPlanEnter()[pri:0, instance:tournament.pract_1@10b48321]" name="testPlanEnter" is-config="true" duration-ms="10905" started-at="2018-09-04T09:01:21Z" finished-at="2018-09-04T09:01:32Z">
          <reporter-output>
          </reporter-output>
        </test-method> <!-- testPlanEnter -->
        <test-method status="PASS" signature="testCaseEnter(java.lang.reflect.Method)[pri:0, instance:tournament.pract_1@10b48321]" name="testCaseEnter" is-config="true" duration-ms="7022" started-at="2018-09-04T09:01:32Z" finished-at="2018-09-04T09:01:39Z">
          <params>
            <param index="0">
              <value>
                <![CDATA[public void tournament.pract_1.cashflow() throws java.lang.Exception]]>
              </value>
            </param>
          </params>
          <reporter-output>
          </reporter-output>
        </test-method> <!-- testCaseEnter -->
        <test-method status="PASS" signature="cashflow()[pri:0, instance:tournament.pract_1@10b48321]" name="cashflow" duration-ms="101795" started-at="2018-09-04T09:01:39Z" finished-at="2018-09-04T09:03:21Z">
          <reporter-output>
          </reporter-output>
        </test-method> <!-- cashflow -->
        <test-method status="PASS" signature="testCaseExit(org.testng.ITestResult, java.lang.reflect.Method)[pri:0, instance:tournament.pract_1@10b48321]" name="testCaseExit" is-config="true" duration-ms="7253" started-at="2018-09-04T09:03:21Z" finished-at="2018-09-04T09:03:28Z">
          <params>
            <param index="0">
              <value>
                <![CDATA[[TestResult name=cashflow status=SUCCESS method=pract_1.cashflow()[pri:0, instance:tournament.pract_1@10b48321] output={null}]]]>
              </value>
            </param>
            <param index="1">
              <value>
                <![CDATA[public void tournament.pract_1.cashflow() throws java.lang.Exception]]>
              </value>
            </param>
          </params>
          <reporter-output>
          </reporter-output>
        </test-method> <!-- testCaseExit -->
        <test-method status="PASS" signature="TestPlanExit()[pri:0, instance:tournament.pract_1@10b48321]" name="TestPlanExit" is-config="true" duration-ms="1574" started-at="2018-09-04T09:03:29Z" finished-at="2018-09-04T09:03:30Z">
          <reporter-output>
          </reporter-output>
        </test-method> <!-- TestPlanExit -->
      </class> <!-- tournament.pract_1 -->
    </test> <!-- Default test -->
  </suite> <!-- Default suite -->
</testng-results>
